#
# A fatal error has been detected by the Java Runtime Environment:
#
#  EXCEPTION_ACCESS_VIOLATION (0xc0000005) at pc=0x0000000002b3b6fa, pid=1360, tid=7108
#
# JRE version: Java(TM) SE Runtime Environment (7.0_75-b13) (build 1.7.0_75-b13)
# Java VM: Java HotSpot(TM) 64-Bit Server VM (24.75-b04 mixed mode windows-amd64 compressed oops)
# Problematic frame:
# v  ~BufferBlob::jni_fast_GetLongField
#
# Failed to write core dump. Minidumps are not enabled by default on client versions of Windows
#
# If you would like to submit a bug report, please visit:
#   http://bugreport.sun.com/bugreport/crash.jsp
# The crash happened outside the Java Virtual Machine in native code.
# See problematic frame for where to report the bug.
#

---------------  T H R E A D  ---------------

Current thread (0x000000001143d800):  JavaThread "Thread-2" [_thread_in_native, id=7108, stack(0x00000000143a0000,0x00000000144a0000)]

siginfo: ExceptionCode=0xc0000005, reading address 0x0000000000000000

Registers:
RAX=0x0000000000000000, RBX=0x0000000000000000, RCX=0x000000001143d9e8, RDX=0x0000000000000000
RSP=0x000000001449efe8, RBP=0x000000001449f098, RSI=0x000000001143d9e8, RDI=0x0000000000000001
R8 =0x0000000000000042, R9 =0x0000000000000000, R10=0x0000000000000002, R11=0x000000001449efb0
R12=0x0000000000000000, R13=0x00000006fc0a7268, R14=0x000000001449f0c0, R15=0x000000001143d800
RIP=0x0000000002b3b6fa, EFLAGS=0x0000000000010246

Top of Stack: (sp=0x000000001449efe8)
0x000000001449efe8:   000000006b6a9712 00000000113dc400
0x000000001449eff8:   000000001143d800 00000000029eeac0
0x000000001449f008:   0000000000000000 0000000002ae62d3
0x000000001449f018:   0000000002af3150 0000000000000000
0x000000001449f028:   00000006fc0a7268 000000001449f098
0x000000001449f038:   00000006fba5fcb0 00000000113dbfc8
0x000000001449f048:   0000000000000000 000000001143d800
0x000000001449f058:   000000001449f058 00000006fc0a7268
0x000000001449f068:   000000001449f0c0 00000006fc0a7578
0x000000001449f078:   0000000000000000 00000006fc0a7268
0x000000001449f088:   0000000000000000 000000001449f0b8
0x000000001449f098:   000000001449f108 0000000002ae6a9e
0x000000001449f0a8:   0000000000000000 0000000002aef0c0
0x000000001449f0b8:   0000000000000000 00000007ab52c1e8
0x000000001449f0c8:   000000001449f0c8 00000006fba69365
0x000000001449f0d8:   000000001449f140 00000006fbac5bb0 

Instructions: (pc=0x0000000002b3b6fa)
0x0000000002b3b6da:   00 00 00 00 00 00 44 8b 15 19 b7 46 69 4c 8b ca
0x0000000002b3b6ea:   41 f6 c2 01 0f 85 2e 00 00 00 4d 33 ca 4d 33 ca
0x0000000002b3b6fa:   4d 8b 09 4d 8b d8 49 c1 eb 02 4b 8b 04 19 49 bb
0x0000000002b3b70a:   00 6e fa 6b 00 00 00 00 4c 33 d8 4c 33 d8 45 3b 


Register to memory mapping:

RAX=0x0000000000000000 is an unknown value
RBX=0x0000000000000000 is an unknown value
RCX=0x000000001143d9e8 is an unknown value
RDX=0x0000000000000000 is an unknown value
RSP=0x000000001449efe8 is pointing into the stack for thread: 0x000000001143d800
RBP=0x000000001449f098 is pointing into the stack for thread: 0x000000001143d800
RSI=0x000000001143d9e8 is an unknown value
RDI=0x0000000000000001 is an unknown value
R8 =0x0000000000000042 is an unknown value
R9 =0x0000000000000000 is an unknown value
R10=0x0000000000000002 is an unknown value
R11=0x000000001449efb0 is pointing into the stack for thread: 0x000000001143d800
R12=0x0000000000000000 is an unknown value
R13=0x00000006fc0a7268 is an oop
{method} 
 - klass: {other class}
R14=0x000000001449f0c0 is pointing into the stack for thread: 0x000000001143d800
R15=0x000000001143d800 is a thread


Stack: [0x00000000143a0000,0x00000000144a0000],  sp=0x000000001449efe8,  free space=1019k
Native frames: (J=compiled Java code, j=interpreted, Vv=VM code, C=native code)
v  ~BufferBlob::jni_fast_GetLongField
j  java.awt.Component.findUnderMouseInWindow(Ljava/awt/PointerInfo;)Ljava/awt/Component;+21
j  java.awt.Component.getMousePosition()Ljava/awt/Point;+38
j  game.core.GamePane.run()V+30
j  java.lang.Thread.run()V+11
v  ~StubRoutines::call_stub
V  [jvm.dll+0x1cf163]

Java frames: (J=compiled Java code, j=interpreted, Vv=VM code)
j  sun.awt.DefaultMouseInfoPeer.isWindowUnderMouse(Ljava/awt/Window;)Z+0
j  java.awt.Component.findUnderMouseInWindow(Ljava/awt/PointerInfo;)Ljava/awt/Component;+21
j  java.awt.Component.getMousePosition()Ljava/awt/Point;+38
j  game.core.GamePane.run()V+30
j  java.lang.Thread.run()V+11
v  ~StubRoutines::call_stub

---------------  P R O C E S S  ---------------

Java Threads: ( => current thread )
  0x0000000011456000 JavaThread "Image Fetcher 0" daemon [_thread_blocked, id=5972, stack(0x00000000144a0000,0x00000000145a0000)]
=>0x000000001143d800 JavaThread "Thread-2" [_thread_in_native, id=7108, stack(0x00000000143a0000,0x00000000144a0000)]
  0x0000000002add800 JavaThread "DestroyJavaVM" [_thread_blocked, id=3292, stack(0x00000000027c0000,0x00000000028c0000)]
  0x0000000011390800 JavaThread "D3D Screen Updater" daemon [_thread_blocked, id=5092, stack(0x0000000014a20000,0x0000000014b20000)]
  0x000000001138d000 JavaThread "AWT-EventQueue-0" [_thread_blocked, id=1584, stack(0x0000000014920000,0x0000000014a20000)]
  0x000000001136d000 JavaThread "AWT-Windows" daemon [_thread_in_native, id=4684, stack(0x0000000011e50000,0x0000000011f50000)]
  0x000000001136a000 JavaThread "AWT-Shutdown" [_thread_blocked, id=5876, stack(0x0000000011d50000,0x0000000011e50000)]
  0x000000000f931800 JavaThread "Java2D Disposer" daemon [_thread_blocked, id=5920, stack(0x0000000011c50000,0x0000000011d50000)]
  0x000000000f902800 JavaThread "Service Thread" daemon [_thread_blocked, id=6620, stack(0x0000000011060000,0x0000000011160000)]
  0x000000000f8fa000 JavaThread "C2 CompilerThread1" daemon [_thread_blocked, id=8084, stack(0x0000000010f60000,0x0000000011060000)]
  0x000000000f8f5000 JavaThread "C2 CompilerThread0" daemon [_thread_blocked, id=4976, stack(0x0000000010e60000,0x0000000010f60000)]
  0x000000000f8f3000 JavaThread "Attach Listener" daemon [_thread_blocked, id=7460, stack(0x0000000010d60000,0x0000000010e60000)]
  0x000000000f8f0000 JavaThread "Signal Dispatcher" daemon [_thread_blocked, id=2104, stack(0x0000000010c60000,0x0000000010d60000)]
  0x000000000f8bf000 JavaThread "Finalizer" daemon [_thread_blocked, id=7332, stack(0x0000000010b60000,0x0000000010c60000)]
  0x000000000f8b5000 JavaThread "Reference Handler" daemon [_thread_blocked, id=7916, stack(0x0000000010a60000,0x0000000010b60000)]

Other Threads:
  0x000000000f8b1000 VMThread [stack: 0x0000000010960000,0x0000000010a60000] [id=7532]
  0x000000000f91e000 WatcherThread [stack: 0x0000000011160000,0x0000000011260000] [id=7560]

VM state:not at safepoint (normal execution)

VM Mutex/Monitor currently owned by a thread: None

Heap
 PSYoungGen      total 76800K, used 18991K [0x00000007aae00000, 0x00000007b4400000, 0x0000000800000000)
  eden space 66048K, 12% used [0x00000007aae00000,0x00000007ab60f740,0x00000007aee80000)
  from space 10752K, 99% used [0x00000007aee80000,0x00000007af8fc7d0,0x00000007af900000)
  to   space 10752K, 0% used [0x00000007b3980000,0x00000007b3980000,0x00000007b4400000)
 ParOldGen       total 174080K, used 20295K [0x0000000700a00000, 0x000000070b400000, 0x00000007aae00000)
  object space 174080K, 11% used [0x0000000700a00000,0x0000000701dd1f60,0x000000070b400000)
 PSPermGen       total 21504K, used 8863K [0x00000006fb800000, 0x00000006fcd00000, 0x0000000700a00000)
  object space 21504K, 41% used [0x00000006fb800000,0x00000006fc0a7c48,0x00000006fcd00000)

Card table byte_map: [0x0000000005ae0000,0x0000000006310000] byte_map_base: 0x0000000002304000

Polling page: 0x00000000028c0000

Code Cache  [0x0000000002ae0000, 0x0000000002d50000, 0x0000000005ae0000)
 total_blobs=450 nmethods=32 adapters=371 free_code_cache=48550Kb largest_free_block=49694400

Compilation events (10 events):
Event: 1.233 Thread 0x000000000f8fa000 nmethod 28 0x0000000002b70850 code [0x0000000002b70980, 0x0000000002b70a18]
Event: 1.233 Thread 0x000000000f8fa000   29             game.map.Block::<init> (25 bytes)
Event: 1.233 Thread 0x000000000f8f5000 nmethod 27 0x0000000002b70550 code [0x0000000002b70680, 0x0000000002b70778]
Event: 1.233 Thread 0x000000000f8f5000   30             game.map.Block::change (41 bytes)
Event: 1.234 Thread 0x000000000f8fa000 nmethod 29 0x0000000002b67250 code [0x0000000002b67380, 0x0000000002b67438]
Event: 1.234 Thread 0x000000000f8fa000   31             game.map.Chunck::generate (101 bytes)
Event: 1.234 Thread 0x000000000f8f5000 nmethod 30 0x0000000002b68c10 code [0x0000000002b68d40, 0x0000000002b68df8]
Event: 1.240 Thread 0x000000000f8fa000 nmethod 31 0x0000000002b67e50 code [0x0000000002b67fe0, 0x0000000002b68638]
Event: 1.240 Thread 0x000000000f8f5000   32 %           game.map.Chunck::generate @ 29 (101 bytes)
Event: 1.248 Thread 0x000000000f8f5000 nmethod 32% 0x0000000002b71d10 code [0x0000000002b71ea0, 0x0000000002b724b8]

GC Heap History (2 events):
Event: 1.262 GC heap before
{Heap before GC invocations=1 (full 0):
 PSYoungGen      total 76800K, used 66048K [0x00000007aae00000, 0x00000007b0380000, 0x0000000800000000)
  eden space 66048K, 100% used [0x00000007aae00000,0x00000007aee80000,0x00000007aee80000)
  from space 10752K, 0% used [0x00000007af900000,0x00000007af900000,0x00000007b0380000)
  to   space 10752K, 0% used [0x00000007aee80000,0x00000007aee80000,0x00000007af900000)
 ParOldGen       total 174080K, used 0K [0x0000000700a00000, 0x000000070b400000, 0x00000007aae00000)
  object space 174080K, 0% used [0x0000000700a00000,0x0000000700a00000,0x000000070b400000)
 PSPermGen       total 21504K, used 8853K [0x00000006fb800000, 0x00000006fcd00000, 0x0000000700a00000)
  object space 21504K, 41% used [0x00000006fb800000,0x00000006fc0a54b0,0x00000006fcd00000)
Event: 1.276 GC heap after
Heap after GC invocations=1 (full 0):
 PSYoungGen      total 76800K, used 10737K [0x00000007aae00000, 0x00000007b4400000, 0x0000000800000000)
  eden space 66048K, 0% used [0x00000007aae00000,0x00000007aae00000,0x00000007aee80000)
  from space 10752K, 99% used [0x00000007aee80000,0x00000007af8fc7d0,0x00000007af900000)
  to   space 10752K, 0% used [0x00000007b3980000,0x00000007b3980000,0x00000007b4400000)
 ParOldGen       total 174080K, used 20295K [0x0000000700a00000, 0x000000070b400000, 0x00000007aae00000)
  object space 174080K, 11% used [0x0000000700a00000,0x0000000701dd1f60,0x000000070b400000)
 PSPermGen       total 21504K, used 8853K [0x00000006fb800000, 0x00000006fcd00000, 0x0000000700a00000)
  object space 21504K, 41% used [0x00000006fb800000,0x00000006fc0a54b0,0x00000006fcd00000)
}

Deoptimization events (3 events):
Event: 1.219 Thread 0x000000001143d800 Uncommon trap: reason=class_check action=maybe_recompile pc=0x0000000002b6f30c method=java.util.zip.InflaterInputStream.read([BII)I @ 100
Event: 1.221 Thread 0x000000001143d800 Uncommon trap: reason=class_check action=maybe_recompile pc=0x0000000002b6f30c method=java.util.zip.InflaterInputStream.read([BII)I @ 100
Event: 1.221 Thread 0x000000001143d800 Uncommon trap: reason=class_check action=maybe_recompile pc=0x0000000002b6f30c method=java.util.zip.InflaterInputStream.read([BII)I @ 100

Internal exceptions (10 events):
Event: 1.218 Thread 0x000000001143d800 Threw 0x00000007ab70dc08 at C:\re\jdk7u75\1940\hotspot\src\share\vm\prims\jvm.cpp:1281
Event: 1.219 Thread 0x000000001143d800 Threw 0x00000007ab70fd18 at C:\re\jdk7u75\1940\hotspot\src\share\vm\prims\jvm.cpp:1281
Event: 1.221 Thread 0x000000001143d800 Threw 0x00000007ab718c78 at C:\re\jdk7u75\1940\hotspot\src\share\vm\prims\jvm.cpp:1281
Event: 1.222 Thread 0x000000001143d800 Threw 0x00000007ab71cee0 at C:\re\jdk7u75\1940\hotspot\src\share\vm\prims\jvm.cpp:1281
Event: 1.223 Thread 0x000000001143d800 Threw 0x00000007ab71fe80 at C:\re\jdk7u75\1940\hotspot\src\share\vm\prims\jvm.cpp:1281
Event: 1.224 Thread 0x000000001143d800 Threw 0x00000007ab7219e0 at C:\re\jdk7u75\1940\hotspot\src\share\vm\prims\jvm.cpp:1281
Event: 1.231 Thread 0x000000001143d800 Threw 0x00000007ab7c0108 at C:\re\jdk7u75\1940\hotspot\src\share\vm\prims\jvm.cpp:1281
Event: 1.249 Thread 0x000000001143d800 Threw 0x00000007ade616e0 at C:\re\jdk7u75\1940\hotspot\src\share\vm\prims\jvm.cpp:1281
Event: 1.250 Thread 0x000000001143d800 Threw 0x00000007ade63708 at C:\re\jdk7u75\1940\hotspot\src\share\vm\prims\jvm.cpp:1281
Event: 1.251 Thread 0x000000001143d800 Threw 0x00000007ade655a0 at C:\re\jdk7u75\1940\hotspot\src\share\vm\prims\jvm.cpp:1281

Events (10 events):
Event: 1.277 loading class 0x000000000f91ad90
Event: 1.277 loading class 0x000000000f91ad90 done
Event: 1.278 loading class 0x0000000011566cb0
Event: 1.278 loading class 0x0000000011566cb0 done
Event: 1.278 loading class 0x0000000011337430
Event: 1.278 loading class 0x000000000f91b8e0
Event: 1.278 loading class 0x000000000f91b8e0 done
Event: 1.278 loading class 0x0000000011337430 done
Event: 1.278 loading class 0x000000000f91b410
Event: 1.278 loading class 0x000000000f91b410 done


Dynamic libraries:
0x00007ff738330000 - 0x00007ff738363000 	C:\Program Files\Java\jre7\bin\javaw.exe
0x00007ffac6120000 - 0x00007ffac62cd000 	C:\WINDOWS\SYSTEM32\ntdll.dll
0x00007ffac3880000 - 0x00007ffac39be000 	C:\WINDOWS\system32\KERNEL32.DLL
0x00007ffac3320000 - 0x00007ffac3435000 	C:\WINDOWS\system32\KERNELBASE.dll
0x00007ffac1e20000 - 0x00007ffac1eae000 	C:\WINDOWS\system32\apphelp.dll
0x00007ffab1ec0000 - 0x00007ffab1f13000 	C:\WINDOWS\AppPatch\AppPatch64\AcGenral.DLL
0x00007ffac4f30000 - 0x00007ffac4fda000 	C:\WINDOWS\system32\msvcrt.dll
0x00007ffac3440000 - 0x00007ffac346e000 	C:\WINDOWS\system32\SspiCli.dll
0x00007ffac60c0000 - 0x00007ffac6114000 	C:\WINDOWS\system32\SHLWAPI.dll
0x00007ffac5300000 - 0x00007ffac5477000 	C:\WINDOWS\system32\USER32.dll
0x00007ffac5800000 - 0x00007ffac5994000 	C:\WINDOWS\system32\ole32.dll
0x00007ffac39c0000 - 0x00007ffac4eea000 	C:\WINDOWS\system32\SHELL32.dll
0x00007ffac2880000 - 0x00007ffac28a1000 	C:\WINDOWS\SYSTEM32\USERENV.dll
0x00007ffac54e0000 - 0x00007ffac558a000 	C:\WINDOWS\system32\ADVAPI32.dll
0x00007ffab5c70000 - 0x00007ffab5c8e000 	C:\WINDOWS\SYSTEM32\MPR.dll
0x00007ffac5bd0000 - 0x00007ffac5d10000 	C:\WINDOWS\system32\RPCRT4.dll
0x00007ffac5d20000 - 0x00007ffac5d79000 	C:\WINDOWS\SYSTEM32\sechost.dll
0x00007ffac59b0000 - 0x00007ffac5bc1000 	C:\WINDOWS\SYSTEM32\combase.dll
0x00007ffac51b0000 - 0x00007ffac5300000 	C:\WINDOWS\system32\GDI32.dll
0x00007ffac3250000 - 0x00007ffac3265000 	C:\WINDOWS\SYSTEM32\profapi.dll
0x00007ffac17a0000 - 0x00007ffac1852000 	C:\WINDOWS\SYSTEM32\SHCORE.dll
0x00007ffac4ef0000 - 0x00007ffac4f26000 	C:\WINDOWS\system32\IMM32.DLL
0x00007ffac5f60000 - 0x00007ffac60b2000 	C:\WINDOWS\system32\MSCTF.dll
0x00007ffabfec0000 - 0x00007ffac013b000 	C:\WINDOWS\WinSxS\amd64_microsoft.windows.common-controls_6595b64144ccf1df_6.0.9600.18006_none_623f33d3ecbe86e8\COMCTL32.dll
0x000000006abc0000 - 0x000000006ac92000 	C:\Program Files\Java\jre7\bin\msvcr100.dll
0x000000006b850000 - 0x000000006c024000 	C:\Program Files\Java\jre7\bin\server\jvm.dll
0x00007ffabb3d0000 - 0x00007ffabb3d9000 	C:\WINDOWS\SYSTEM32\WSOCK32.dll
0x00007ffac1160000 - 0x00007ffac1182000 	C:\WINDOWS\SYSTEM32\WINMM.dll
0x00007ffac37b0000 - 0x00007ffac37b7000 	C:\WINDOWS\system32\PSAPI.DLL
0x00007ffac5150000 - 0x00007ffac51aa000 	C:\WINDOWS\system32\WS2_32.dll
0x00007ffac1130000 - 0x00007ffac115a000 	C:\WINDOWS\SYSTEM32\WINMMBASE.dll
0x00007ffac5140000 - 0x00007ffac5149000 	C:\WINDOWS\system32\NSI.dll
0x00007ffac3470000 - 0x00007ffac34bf000 	C:\WINDOWS\SYSTEM32\cfgmgr32.dll
0x00007ffac2080000 - 0x00007ffac20a8000 	C:\WINDOWS\SYSTEM32\DEVOBJ.dll
0x000000006b840000 - 0x000000006b84f000 	C:\Program Files\Java\jre7\bin\verify.dll
0x000000006b810000 - 0x000000006b838000 	C:\Program Files\Java\jre7\bin\java.dll
0x000000006b7f0000 - 0x000000006b805000 	C:\Program Files\Java\jre7\bin\zip.dll
0x000000006b5d0000 - 0x000000006b765000 	C:\Program Files\Java\jre7\bin\awt.dll
0x00007ffac5000000 - 0x00007ffac50c1000 	C:\WINDOWS\system32\OLEAUT32.dll
0x00007ffac1da0000 - 0x00007ffac1dc1000 	C:\WINDOWS\system32\DWMAPI.DLL
0x00007ffac1f00000 - 0x00007ffac2029000 	C:\WINDOWS\system32\uxtheme.dll
0x00007ffab2990000 - 0x00007ffab29f6000 	C:\Program Files (x86)\Overwolf\0.95.40.0\x64\OWExplorer.dll
0x00007ffac1190000 - 0x00007ffac119a000 	C:\WINDOWS\SYSTEM32\VERSION.dll
0x00007ffabab80000 - 0x00007ffabad09000 	C:\WINDOWS\SYSTEM32\dbghelp.dll
0x00007ffac1ef0000 - 0x00007ffac1efb000 	C:\WINDOWS\SYSTEM32\kernel.appcore.dll
0x00007ffac3190000 - 0x00007ffac319b000 	C:\WINDOWS\SYSTEM32\CRYPTBASE.dll
0x00007ffac3120000 - 0x00007ffac3183000 	C:\WINDOWS\SYSTEM32\bcryptPrimitives.dll
0x00007ffab5910000 - 0x00007ffab5b31000 	C:\WINDOWS\system32\d3d9.dll
0x00007ffac05f0000 - 0x00007ffac0752000 	C:\WINDOWS\SYSTEM32\aticfx64.dll
0x00007ffab6180000 - 0x00007ffab61a1000 	C:\WINDOWS\SYSTEM32\atiu9p64.dll
0x00007ffaa0a70000 - 0x00007ffaa12ca000 	C:\WINDOWS\SYSTEM32\atiumd64.dll
0x000000006ad40000 - 0x000000006b5c6000 	C:\WINDOWS\SYSTEM32\atiumd6a.dll
0x00007ffac2d50000 - 0x00007ffac2d96000 	C:\WINDOWS\SYSTEM32\POWRPROF.dll
0x000000006acf0000 - 0x000000006ad37000 	C:\Program Files\Java\jre7\bin\fontmanager.dll
0x000000006b7d0000 - 0x000000006b7e9000 	C:\Program Files\Java\jre7\bin\net.dll
0x00007ffac2af0000 - 0x00007ffac2b49000 	C:\WINDOWS\system32\mswsock.dll
0x000000006b7b0000 - 0x000000006b7c1000 	C:\Program Files\Java\jre7\bin\nio.dll
0x000000006aca0000 - 0x000000006ace1000 	C:\Program Files\Java\jre7\bin\t2k.dll

VM Arguments:
jvm_args: -Dfile.encoding=Cp1252 
java_command: game.core.Main
Launcher Type: SUN_STANDARD

Environment Variables:
PATH=C:/Program Files/Java/jre7/bin/server;C:/Program Files/Java/jre7/bin;C:/Program Files/Java/jre7/lib/amd64;C:\Program Files (x86)\NVIDIA Corporation\PhysX\Common;C:\ProgramData\Oracle\Java\javapath;C:\Program Files (x86)\EasyPHP-DevServer-14.1VC9\binaries\php\php_runningversion;C:\Program Files (x86)\AMD APP\bin\x86_64;C:\Program Files (x86)\AMD APP\bin\x86;c:\Program Files (x86)\Intel\iCLS Client\;c:\Program Files\Intel\iCLS Client\;C:\windows\system32;C:\windows;C:\windows\System32\Wbem;C:\windows\System32\WindowsPowerShell\v1.0\;C:\Program Files\Intel\Intel(R) Management Engine Components\DAL;C:\Program Files\Intel\Intel(R) Management Engine Components\IPT;C:\Program Files (x86)\Intel\Intel(R) Management Engine Components\DAL;C:\Program Files (x86)\Intel\Intel(R) Management Engine Components\IPT;C:\Program Files (x86)\ATI Technologies\ATI.ACE\Core-Static;C:\Program Files (x86)\Windows Live\Shared;C:\emacs-24.2\bin;C:\Program Files\Java\jdk1.7.0_25\bin;C:\Program Files (x86)\gtk2\bin;C:\Program Files (x86)\mlt\bin;C:\Program Files (x86)\OpenLibraries\bin;C:\Program Files (x86)\Druide\Antidote 7\Programmes32;C:\Program Files (x86)\Druide\Antidote 7\Programmes64;C:\Program Files (x86)\QuickTime\QTSystem\;C:\Program Files\Microsoft SQL Server\110\Tools\Binn\;C:\Program Files (x86)\Microsoft SDKs\TypeScript\1.0\;C:\Program Files\Microsoft SQL Server\120\Tools\Binn\;C:\Program Files (x86)\AMD\ATI.ACE\Core-Static;C:\Program Files (x86)\Windows Kits\8.1\Windows Performance Toolkit\;C:\Program Files (x86)\Skype\Phone\;C:\Users\Léonard\Desktop\Bureaux\eclipse\eclipseLuna\eclipse;
USERNAME=Léonard
OS=Windows_NT
PROCESSOR_IDENTIFIER=Intel64 Family 6 Model 58 Stepping 9, GenuineIntel



---------------  S Y S T E M  ---------------

OS: Windows 8.1 , 64 bit Build 9600 

CPU:total 4 (4 cores per cpu, 1 threads per core) family 6 model 58 stepping 9, cmov, cx8, fxsr, mmx, sse, sse2, sse3, ssse3, sse4.1, sse4.2, popcnt, avx, aes, erms, tsc, tscinvbit, tscinv

Memory: 4k page, physical 16729092k(9691052k free), swap 17138692k(8312500k free)

vm_info: Java HotSpot(TM) 64-Bit Server VM (24.75-b04) for windows-amd64 JRE (1.7.0_75-b13), built on Dec 18 2014 17:15:01 by "java_re" with unknown MS VC++:1600

time: Fri Jun 10 18:38:48 2016
elapsed time: 1 seconds

